04/30/2026 02:08:32 PM: INFO: *********Test-001 Home Page Test*********
04/30/2026 02:08:32 PM: INFO: *********Verifying total products*********
04/30/2026 02:08:33 PM: INFO: *********Total products count mismatched*********
04/30/2026 02:09:10 PM: INFO: *********Test-001 Home Page Test*********
04/30/2026 02:09:10 PM: INFO: *********Verifying total products*********
04/30/2026 02:09:11 PM: INFO: *********Total products count matched*********
04/30/2026 03:44:31 PM: INFO: *********Test-001 Home Page Test*********
04/30/2026 03:44:31 PM: INFO: *********Verifying total products*********
04/30/2026 03:44:32 PM: INFO: *********Total products count matched*********
04/30/2026 03:50:19 PM: INFO: ************Verifying Login************
04/30/2026 03:50:38 PM: INFO: ************Verifying Login************
04/30/2026 03:50:43 PM: INFO: ************Login successful************
04/30/2026 03:50:52 PM: INFO: ************Verifying Login************
04/30/2026 03:50:55 PM: INFO: ************Login successful************
04/30/2026 03:53:04 PM: INFO: ************Verifying Login************
04/30/2026 03:53:08 PM: INFO: ************Login successful************
04/30/2026 03:53:19 PM: INFO: ************Verifying Login************
04/30/2026 03:53:24 PM: INFO: ************Login successful************
04/30/2026 03:53:33 PM: INFO: ************Verifying Login************
04/30/2026 03:53:36 PM: INFO: ************Login successful************
05/02/2026 01:29:54 PM: INFO: ************Verifying Login************
05/02/2026 01:29:58 PM: INFO: ************Login successful************
05/02/2026 01:30:09 PM: INFO: ************Verifying Login************
05/02/2026 01:30:12 PM: INFO: ************Login successful************
05/02/2026 01:30:22 PM: INFO: ************Verifying Login************
05/02/2026 01:30:25 PM: INFO: ************Login successful************
05/02/2026 01:34:13 PM: INFO: ************Verifying Login************
05/02/2026 01:34:17 PM: INFO: ************Login successful************
05/02/2026 01:34:25 PM: INFO: ************Verifying Login************
05/02/2026 01:34:28 PM: INFO: ************Login successful************
05/02/2026 01:34:39 PM: INFO: ************Verifying Login************
05/02/2026 01:34:42 PM: INFO: ************Login successful************
05/02/2026 01:54:50 PM: INFO: *********Test-001 Home Page Test*********
05/02/2026 01:54:50 PM: INFO: *********Verifying total products*********
05/02/2026 01:54:51 PM: INFO: *********Total products count matched*********
05/02/2026 01:56:08 PM: INFO: *********Test-001 Home Page Test*********
05/02/2026 01:56:08 PM: INFO: *********Verifying total products*********
05/02/2026 01:56:09 PM: INFO: *********Total products count matched*********
05/03/2026 03:46:15 PM: INFO: *********Test-001 Home Page Test*********
05/03/2026 03:46:15 PM: INFO: *********Verifying total products*********
05/03/2026 03:46:16 PM: INFO: *********Total products count matched*********
05/03/2026 04:20:49 PM: INFO: *********Test-001 Home Page Test*********
05/03/2026 04:20:49 PM: INFO: *********Verifying total products*********
05/03/2026 04:20:50 PM: INFO: *********Total products count matched*********
05/03/2026 04:21:00 PM: INFO: ************Verifying Login************
05/03/2026 04:21:03 PM: INFO: ************Login successful************
05/03/2026 04:21:14 PM: INFO: ************Verifying Login************
05/03/2026 04:21:18 PM: INFO: ************Login successful************
05/03/2026 04:21:28 PM: INFO: ************Verifying Login************
05/03/2026 04:21:32 PM: INFO: ************Login successful************
05/04/2026 12:55:35 AM: INFO: *********Test-001 Home Page Test*********
05/04/2026 12:55:35 AM: INFO: *********Verifying total products*********
05/04/2026 12:55:36 AM: INFO: *********Total products count matched*********
05/04/2026 12:57:26 AM: INFO: *********Test-001 Home Page Test*********
05/04/2026 12:57:26 AM: INFO: *********Verifying total products*********
05/04/2026 12:57:29 AM: INFO: *********Total products count matched*********
05/04/2026 01:03:48 AM: INFO: *********Test-001 Home Page Test*********
05/04/2026 01:03:48 AM: INFO: *********Verifying total products*********
05/04/2026 01:03:50 AM: INFO: *********Total products count matched*********
05/04/2026 01:09:27 AM: INFO: *********Test-001 Home Page Test*********
05/04/2026 01:09:27 AM: INFO: *********Verifying total products*********
05/04/2026 01:09:28 AM: INFO: *********Total products count matched*********
05/04/2026 01:17:03 AM: INFO: *********Test-001 Home Page Test*********
05/04/2026 01:17:03 AM: INFO: *********Verifying total products*********
05/04/2026 01:17:04 AM: INFO: *********Total products count mismatched*********
05/04/2026 01:19:22 AM: INFO: *********Test-001 Home Page Test*********
05/04/2026 01:19:22 AM: INFO: *********Verifying total products*********
05/04/2026 01:19:23 AM: INFO: *********Total products count mismatched*********
05/04/2026 01:23:03 AM: INFO: ************Verifying Login************
05/04/2026 01:23:04 AM: INFO: ************Login Failed************
05/04/2026 01:23:24 AM: INFO: ************Verifying Login************
05/04/2026 01:23:27 AM: INFO: ************Login Failed************
05/04/2026 01:23:38 AM: INFO: ************Verifying Login************
05/04/2026 01:23:40 AM: INFO: ************Login Failed************
05/04/2026 01:31:10 AM: INFO: *********Test-001 Home Page Test*********
05/04/2026 01:31:10 AM: INFO: *********Verifying total products*********
05/04/2026 01:31:11 AM: INFO: *********Total products count mismatched*********
05/04/2026 01:31:23 AM: INFO: ************Verifying Login************
05/04/2026 01:31:26 AM: INFO: ************Login successful************
05/04/2026 01:31:36 AM: INFO: ************Verifying Login************
05/04/2026 01:31:39 AM: INFO: ************Login successful************
05/04/2026 01:31:49 AM: INFO: ************Verifying Login************
05/04/2026 01:31:53 AM: INFO: ************Login successful************
